<?xml version="1.0" encoding="UTF-8"?>
<testng-results ignored="0" total="1" passed="1" failed="0" skipped="0">
  <reporter-output>
  </reporter-output>
  <suite started-at="2024-05-29T12:28:00 IST" name="Suite" finished-at="2024-05-29T12:28:08 IST" duration-ms="8353">
    <groups>
    </groups>
    <test started-at="2024-05-29T12:28:00 IST" name="Test" finished-at="2024-05-29T12:28:08 IST" duration-ms="8353">
      <class name="Test1.OpenYoutube">
        <test-method signature="main()[pri:0, instance:Test1.OpenYoutube@358c99f5]" started-at="2024-05-29T12:28:00 IST" name="main" finished-at="2024-05-29T12:28:08 IST" duration-ms="8290" status="PASS">
          <reporter-output>
          </reporter-output>
        </test-method> <!-- main -->
      </class> <!-- Test1.OpenYoutube -->
    </test> <!-- Test -->
  </suite> <!-- Suite -->
</testng-results>
