<?xml version="1.0" encoding="UTF-8"?>
<testng-results ignored="0" total="1" passed="1" failed="0" skipped="0">
  <reporter-output>
  </reporter-output>
  <suite started-at="2024-05-29T11:44:11 IST" name="Default suite" finished-at="2024-05-29T11:44:22 IST" duration-ms="10682">
    <groups>
    </groups>
    <test started-at="2024-05-29T11:44:11 IST" name="Default test" finished-at="2024-05-29T11:44:22 IST" duration-ms="10682">
      <class name="Test1.OpenYoutube">
        <test-method signature="main()[pri:0, instance:Test1.OpenYoutube@5b239d7d]" started-at="2024-05-29T11:44:11 IST" name="main" finished-at="2024-05-29T11:44:22 IST" duration-ms="10633" status="PASS">
          <reporter-output>
          </reporter-output>
        </test-method> <!-- main -->
      </class> <!-- Test1.OpenYoutube -->
    </test> <!-- Default test -->
  </suite> <!-- Default suite -->
</testng-results>
